<?xml version="1.0" encoding="UTF-8" ?>
<testsuite tests="2" failures="0" name="StepDefinitions.TestRunnerForHooks" time="0.026" errors="0" skipped="2">
  <properties>
[...]
</properties>
  <testcase classname="Check login functionality" name="EMPTY_NAME" time="0.017">
    <skipped/>
    <system-out>
Undefined scenarios:
file:///D:/Research/Cucumber/workspace/CucumberJava/src/test/resources/Features/BackgroundDemo/BackgroundDemo.feature:9# Check logout link
file:///D:/Research/Cucumber/workspace/CucumberJava/src/test/resources/Features/BackgroundDemo/BackgroundDemo.feature:13# Verify quick launch menu bar is present

2 Scenarios (2 undefined)
12 Steps (12 undefined)
0m0.035s


You can implement missing steps with the snippets below:

@Given(&quot;user is on login page&quot;)
public void user_is_on_login_page() {
    // Write code here that turns the phrase above into concrete actions
    throw new io.cucumber.java.PendingException();
}

@When(&quot;user enters username and password&quot;)
public void user_enters_username_and_password() {
    // Write code here that turns the phrase above into concrete actions
    throw new io.cucumber.java.PendingException();
}

@When(&quot;clicks on login button&quot;)
public void clicks_on_login_button() {
    // Write code here that turns the phrase above into concrete actions
    throw new io.cucumber.java.PendingException();
}

@Then(&quot;user is navigated to the home page&quot;)
public void user_is_navigated_to_the_home_page() {
    // Write code here that turns the phrase above into concrete actions
    throw new io.cucumber.java.PendingException();
}

@When(&quot;user clicks on Welcome link&quot;)
public void user_clicks_on_Welcome_link() {
    // Write code here that turns the phrase above into concrete actions
    throw new io.cucumber.java.PendingException();
}

@Then(&quot;logout link is displayed&quot;)
public void logout_link_is_displayed() {
    // Write code here that turns the phrase above into concrete actions
    throw new io.cucumber.java.PendingException();
}

@When(&quot;user clicks on Dashboard link&quot;)
public void user_clicks_on_Dashboard_link() {
    // Write code here that turns the phrase above into concrete actions
    throw new io.cucumber.java.PendingException();
}

@Then(&quot;quick launch toolbar is displayed&quot;)
public void quick_launch_toolbar_is_displayed() {
    // Write code here that turns the phrase above into concrete actions
    throw new io.cucumber.java.PendingException();
}



Scenario:                                 # src/test/resources/HooksDemo/HooksDemo.feature:6
  Given user is on login page             # null
  When user enters username and password  # null
  And clicks on login button              # null
  Then user is navigated to the home page # null
</system-out>
    <system-err>Apr 02, 2022 10:37:16 PM io.cucumber.junit.Cucumber &lt;init&gt;
WARNING: By default Cucumber is running in --non-strict mode.
This default will change to --strict and --non-strict will be removed.
You can use --strict or @CucumberOptions(strict = true) to suppress this warning
</system-err>
  </testcase>
  <testcase classname="Check login functionality" name="EMPTY_NAME" time="0.009">
    <skipped/>
    <system-out>
Scenario:                                 # src/test/resources/HooksDemo/HooksDemo.feature:12
  Given user is on login page             # null
  When user enters username and password  # null
  And clicks on login button              # null
  Then user is navigated to the home page # null
</system-out>
  </testcase>
</testsuite>