<?xml version="1.0" encoding="UTF-8" ?>
<testsuite tests="2" failures="0" name="StepDefinitions.TestRunnerForBackgroundDemo" time="0" errors="0" skipped="2">
  <properties>
[...]
</properties>
  <testcase classname="Check home page functionality" name="Check logout link" time="0">
    <skipped/>
    <system-out>
Failed scenarios:
file:///D:/Research/Cucumber/workspace/CucumberJava/src/test/resources/Features/BackgroundDemo/BackgroundDemo.feature:9# Check logout link
file:///D:/Research/Cucumber/workspace/CucumberJava/src/test/resources/Features/BackgroundDemo/BackgroundDemo.feature:13# Verify quick launch menu bar is present
file:///D:/Research/Cucumber/workspace/CucumberJava/src/test/resources/Features/login.feature:6# Check login is successful with valid credentials

Undefined scenarios:
file:///D:/Research/Cucumber/workspace/CucumberJava/src/test/resources/Features/GoogleSearch.feature:6# Validate google search is working

6 Scenarios (3 failed, 1 undefined, 2 passed)
31 Steps (3 failed, 6 skipped, 11 undefined, 11 passed)
0m43.842s


java.lang.NullPointerException
	at StepDefinitions.LoginDemoSteps_PF.user_is_on_login_page(LoginDemoSteps_PF.java:53)
	at ?.user is on login page(file:///D:/Research/Cucumber/workspace/CucumberJava/src/test/resources/Features/BackgroundDemo/BackgroundDemo.feature:4)

java.lang.NullPointerException
	at StepDefinitions.LoginDemoSteps_PF.user_is_on_login_page(LoginDemoSteps_PF.java:53)
	at ?.user is on login page(file:///D:/Research/Cucumber/workspace/CucumberJava/src/test/resources/Features/BackgroundDemo/BackgroundDemo.feature:4)

java.lang.NullPointerException
	at StepDefinitions.LoginDemoSteps_PF.user_is_on_login_page(LoginDemoSteps_PF.java:53)
	at ?.user is on login page(file:///D:/Research/Cucumber/workspace/CucumberJava/src/test/resources/Features/login.feature:7)


You can implement missing steps with the snippets below:

@When(&quot;clicks on login button&quot;)
public void clicks_on_login_button() {
    // Write code here that turns the phrase above into concrete actions
    throw new io.cucumber.java.PendingException();
}

@When(&quot;user clicks on Welcome link&quot;)
public void user_clicks_on_Welcome_link() {
    // Write code here that turns the phrase above into concrete actions
    throw new io.cucumber.java.PendingException();
}

@Then(&quot;logout link is displayed&quot;)
public void logout_link_is_displayed() {
    // Write code here that turns the phrase above into concrete actions
    throw new io.cucumber.java.PendingException();
}

@When(&quot;user clicks on Dashboard link&quot;)
public void user_clicks_on_Dashboard_link() {
    // Write code here that turns the phrase above into concrete actions
    throw new io.cucumber.java.PendingException();
}

@Then(&quot;quick launch toolbar is displayed&quot;)
public void quick_launch_toolbar_is_displayed() {
    // Write code here that turns the phrase above into concrete actions
    throw new io.cucumber.java.PendingException();
}

@Given(&quot;user is on google search page&quot;)
public void user_is_on_google_search_page() {
    // Write code here that turns the phrase above into concrete actions
    throw new io.cucumber.java.PendingException();
}

@When(&quot;user enters a text in search box&quot;)
public void user_enters_a_text_in_search_box() {
    // Write code here that turns the phrase above into concrete actions
    throw new io.cucumber.java.PendingException();
}

@When(&quot;hits enter&quot;)
public void hits_enter() {
    // Write code here that turns the phrase above into concrete actions
    throw new io.cucumber.java.PendingException();
}

@Then(&quot;user is navigated to search results&quot;)
public void user_is_navigated_to_search_results() {
    // Write code here that turns the phrase above into concrete actions
    throw new io.cucumber.java.PendingException();
}



Scenario: Check logout link               # src/test/resources/Features/BackgroundDemo/BackgroundDemo.feature:9
  Given user is on login page             # null
  When user enters username and password  # null
  And clicks on login button              # null
  Then user is navigated to the home page # null
  When user clicks on Welcome link        # null
  Then logout link is displayed           # null
</system-out>
    <system-err>Apr 02, 2022 10:37:16 PM io.cucumber.junit.Cucumber &lt;init&gt;
WARNING: By default Cucumber is running in --non-strict mode.
This default will change to --strict and --non-strict will be removed.
You can use --strict or @CucumberOptions(strict = true) to suppress this warning
</system-err>
  </testcase>
  <testcase classname="Check home page functionality" name="Verify quick launch menu bar is present" time="0">
    <skipped/>
    <system-out>
Scenario: Verify quick launch menu bar is present # src/test/resources/Features/BackgroundDemo/BackgroundDemo.feature:13
  Given user is on login page                     # null
  When user enters username and password          # null
  And clicks on login button                      # null
  Then user is navigated to the home page         # null
  When user clicks on Dashboard link              # null
  Then quick launch toolbar is displayed          # null
</system-out>
  </testcase>
</testsuite>