<?xml version="1.0" encoding="UTF-8" ?>
<testsuite tests="13" failures="0" name="StepDefinitions.TestRunner" time="45.407" errors="10" skipped="1">
  <properties>
    <property name="java.runtime.name" value="Java(TM) SE Runtime Environment"/>
    <property name="sun.boot.library.path" value="C:\Program Files\Java\jdk1.8.0_241\jre\bin"/>
    <property name="java.vm.version" value="25.241-b07"/>
    <property name="java.vm.vendor" value="Oracle Corporation"/>
    <property name="maven.multiModuleProjectDirectory" value="D:\Research\Cucumber\workspace\CucumberJava"/>
    <property name="java.vendor.url" value="http://java.oracle.com/"/>
    <property name="path.separator" value=";"/>
    <property name="guice.disable.misplaced.annotation.check" value="true"/>
    <property name="java.vm.name" value="Java HotSpot(TM) 64-Bit Server VM"/>
    <property name="file.encoding.pkg" value="sun.io"/>
    <property name="user.script" value=""/>
    <property name="user.country" value="US"/>
    <property name="sun.java.launcher" value="SUN_STANDARD"/>
    <property name="sun.os.patch.level" value=""/>
    <property name="java.vm.specification.name" value="Java Virtual Machine Specification"/>
    <property name="user.dir" value="D:\Research\Cucumber\workspace\CucumberJava"/>
    <property name="java.runtime.version" value="1.8.0_241-b07"/>
    <property name="java.awt.graphicsenv" value="sun.awt.Win32GraphicsEnvironment"/>
    <property name="java.endorsed.dirs" value="C:\Program Files\Java\jdk1.8.0_241\jre\lib\endorsed"/>
    <property name="os.arch" value="amd64"/>
    <property name="java.io.tmpdir" value="C:\Users\Siripod\AppData\Local\Temp\"/>
    <property name="line.separator" value="
"/>
    <property name="java.vm.specification.vendor" value="Oracle Corporation"/>
    <property name="user.variant" value=""/>
    <property name="os.name" value="Windows 10"/>
    <property name="classworlds.conf" value="D:\Research\Cucumber\workspace\.metadata\.plugins\org.eclipse.m2e.launching\launches\m2conf8250394503487399604.tmp"/>
    <property name="sun.jnu.encoding" value="Cp1252"/>
    <property name="java.library.path" value="C:\Program Files\Java\jdk1.8.0_241\bin;C:\WINDOWS\Sun\Java\bin;C:\WINDOWS\system32;C:\WINDOWS;D:/jdk-11.0.2/bin/server;D:/jdk-11.0.2/bin;C:\Program Files (x86)\Intel\Intel(R) Management Engine Components\iCLS\;C:\Program Files\Intel\Intel(R) Management Engine Components\iCLS\;C:\WINDOWS\system32;C:\WINDOWS;C:\WINDOWS\System32\Wbem;C:\WINDOWS\System32\WindowsPowerShell\v1.0\;C:\Program Files (x86)\Intel\Intel(R) Management Engine Components\DAL;C:\Program Files\Intel\Intel(R) Management Engine Components\DAL;C:\Program Files (x86)\Intel\Intel(R) Management Engine Components\IPT;C:\Program Files\Intel\Intel(R) Management Engine Components\IPT;C:\WINDOWS\System32\OpenSSH\;C:\Program Files\Docker\Docker\resources\bin;C:\ProgramData\DockerDesktop\version-bin;D:\apache-maven-3.6.3\bin;D:\jdk-11.0.2\bin;D:\Go\bin;D:\gradle-6.3\bin;C:\Program Files\MongoDB\Server\4.2\bin;C:\Program Files\OpenSSL-Win64\bin;C:\Program Files\Perforce\;C:\Program Files\RabbitMQ Server\rabbitmq_server-3.8.9\sbin;C:\Program Files\nodejs\;D:\logstash-7.12.1\bin;D:\filebeat-7.12.1-windows-x86_64;C:\Users\Siripod\AppData\Local\Android\Sdk\platform-tools;C:\Program Files\Git\cmd;C:\Program Files (x86)\Microsoft SQL Server\150\Tools\Binn\;C:\Program Files\Microsoft SQL Server\150\Tools\Binn\;C:\Program Files (x86)\Microsoft SQL Server\150\DTS\Binn\;C:\Program Files\Microsoft SQL Server\150\DTS\Binn\;C:\Program Files\Microsoft SQL Server\Client SDK\ODBC\170\Tools\Binn\;C:\Program Files\ibm\gsk8\lib64;C:\Program Files (x86)\ibm\gsk8\lib;D:\IBM\SQLLIB\BIN;D:\IBM\SQLLIB\FUNCTION;D:\IBM\SQLLIB\SAMPLES\REPL;C:\Program Files\Azure Data Studio\bin;C:\Users\Siripod\AppData\Local\Microsoft\WindowsApps;C:\Users\Siripod\go\bin;C:\Users\Siripod\AppData\Roaming\npm;C:\Microsoft VS Code\bin;C:\Program Files\Azure Data Studio\bin;C:\WINDOWS\system32;;."/>
    <property name="java.specification.name" value="Java Platform API Specification"/>
    <property name="java.class.version" value="52.0"/>
    <property name="sun.management.compiler" value="HotSpot 64-Bit Tiered Compilers"/>
    <property name="os.version" value="10.0"/>
    <property name="user.home" value="C:\Users\Siripod"/>
    <property name="user.timezone" value="Asia/Bangkok"/>
    <property name="java.awt.printerjob" value="sun.awt.windows.WPrinterJob"/>
    <property name="java.specification.version" value="1.8"/>
    <property name="file.encoding" value="Cp1252"/>
    <property name="user.name" value="Siripod"/>
    <property name="java.class.path" value="C:\Users\Siripod\.p2\pool\plugins\org.eclipse.m2e.maven.runtime_1.16.0.20200610-1735\jars\plexus-classworlds-2.6.0.jar"/>
    <property name="java.vm.specification.version" value="1.8"/>
    <property name="sun.arch.data.model" value="64"/>
    <property name="java.home" value="C:\Program Files\Java\jdk1.8.0_241\jre"/>
    <property name="sun.java.command" value="org.codehaus.plexus.classworlds.launcher.Launcher -B test"/>
    <property name="java.specification.vendor" value="Oracle Corporation"/>
    <property name="user.language" value="en"/>
    <property name="awt.toolkit" value="sun.awt.windows.WToolkit"/>
    <property name="java.vm.info" value="mixed mode"/>
    <property name="java.version" value="1.8.0_241"/>
    <property name="java.ext.dirs" value="C:\Program Files\Java\jdk1.8.0_241\jre\lib\ext;C:\WINDOWS\Sun\Java\lib\ext"/>
    <property name="sun.boot.class.path" value="C:\Program Files\Java\jdk1.8.0_241\jre\lib\resources.jar;C:\Program Files\Java\jdk1.8.0_241\jre\lib\rt.jar;C:\Program Files\Java\jdk1.8.0_241\jre\lib\sunrsasign.jar;C:\Program Files\Java\jdk1.8.0_241\jre\lib\jsse.jar;C:\Program Files\Java\jdk1.8.0_241\jre\lib\jce.jar;C:\Program Files\Java\jdk1.8.0_241\jre\lib\charsets.jar;C:\Program Files\Java\jdk1.8.0_241\jre\lib\jfr.jar;C:\Program Files\Java\jdk1.8.0_241\jre\classes"/>
    <property name="java.vendor" value="Oracle Corporation"/>
    <property name="maven.home" value="D:\Research\Cucumber\workspace\CucumberJava\EMBEDDED"/>
    <property name="file.separator" value="\"/>
    <property name="java.vendor.url.bug" value="http://bugreport.sun.com/bugreport/"/>
    <property name="sun.cpu.endian" value="little"/>
    <property name="sun.io.unicode.encoding" value="UnicodeLittle"/>
    <property name="sun.desktop" value="windows"/>
    <property name="sun.cpu.isalist" value="amd64"/>
  </properties>
  <testcase classname="Check home page functionality" name="Check logout link" time="0.51">
    <error type="java.lang.NullPointerException">java.lang.NullPointerException
	at StepDefinitions.LoginDemoSteps_PF.user_is_on_login_page(LoginDemoSteps_PF.java:53)
	at ✽.user is on login page(file:///D:/Research/Cucumber/workspace/CucumberJava/src/test/resources/Features/BackgroundDemo/BackgroundDemo.feature:4)
</error>
    <system-out>
Scenario: Check logout link               # src/test/resources/Features/BackgroundDemo/BackgroundDemo.feature:9
Inside Step - user is on login page
  Given user is on login page             # StepDefinitions.LoginDemoSteps_PF.user_is_on_login_page()
      java.lang.NullPointerException
	at StepDefinitions.LoginDemoSteps_PF.user_is_on_login_page(LoginDemoSteps_PF.java:53)
	at ?.user is on login page(file:///D:/Research/Cucumber/workspace/CucumberJava/src/test/resources/Features/BackgroundDemo/BackgroundDemo.feature:4)

  When user enters username and password  # StepDefinitions.LoginDemoSteps_PF.user_enters_username_and_password(java.lang.String,java.lang.String)
  And clicks on login button              # null
  Then user is navigated to the home page # StepDefinitions.LoginDemoSteps_PF.user_is_navigated_to_the_home_page()
  When user clicks on Welcome link        # null
  Then logout link is displayed           # null
</system-out>
    <system-err>Apr 02, 2022 10:36:32 PM io.cucumber.junit.Cucumber &lt;init&gt;
WARNING: By default Cucumber is running in --non-strict mode.
This default will change to --strict and --non-strict will be removed.
You can use --strict or @CucumberOptions(strict = true) to suppress this warning
</system-err>
  </testcase>
  <testcase classname="Check home page functionality" name="Check logout link" time="0.512">
    <error message="The step &quot;clicks on login button&quot; is undefined. You can implement it using the snippet(s) below:

@When(&quot;clicks on login button&quot;)
public void clicks_on_login_button() {
    // Write code here that turns the phrase above into concrete actions
    throw new io.cucumber.java.PendingException();
}


Some other steps were also undefined:

@When(&quot;user clicks on Welcome link&quot;)
public void user_clicks_on_Welcome_link() {
    // Write code here that turns the phrase above into concrete actions
    throw new io.cucumber.java.PendingException();
}
@Then(&quot;logout link is displayed&quot;)
public void logout_link_is_displayed() {
    // Write code here that turns the phrase above into concrete actions
    throw new io.cucumber.java.PendingException();
}
" type="io.cucumber.junit.UndefinedStepException">io.cucumber.junit.UndefinedStepException: The step &quot;clicks on login button&quot; is undefined. You can implement it using the snippet(s) below:

@When(&quot;clicks on login button&quot;)
public void clicks_on_login_button() {
    // Write code here that turns the phrase above into concrete actions
    throw new io.cucumber.java.PendingException();
}


Some other steps were also undefined:

@When(&quot;user clicks on Welcome link&quot;)
public void user_clicks_on_Welcome_link() {
    // Write code here that turns the phrase above into concrete actions
    throw new io.cucumber.java.PendingException();
}
@Then(&quot;logout link is displayed&quot;)
public void logout_link_is_displayed() {
    // Write code here that turns the phrase above into concrete actions
    throw new io.cucumber.java.PendingException();
}

</error>
  </testcase>
  <testcase classname="Check home page functionality" name="Check logout link" time="0.512">
    <error message="The step &quot;user clicks on Welcome link&quot; is undefined. You can implement it using the snippet(s) below:

@When(&quot;user clicks on Welcome link&quot;)
public void user_clicks_on_Welcome_link() {
    // Write code here that turns the phrase above into concrete actions
    throw new io.cucumber.java.PendingException();
}


Some other steps were also undefined:

@Then(&quot;logout link is displayed&quot;)
public void logout_link_is_displayed() {
    // Write code here that turns the phrase above into concrete actions
    throw new io.cucumber.java.PendingException();
}
" type="io.cucumber.junit.UndefinedStepException">io.cucumber.junit.UndefinedStepException: The step &quot;user clicks on Welcome link&quot; is undefined. You can implement it using the snippet(s) below:

@When(&quot;user clicks on Welcome link&quot;)
public void user_clicks_on_Welcome_link() {
    // Write code here that turns the phrase above into concrete actions
    throw new io.cucumber.java.PendingException();
}


Some other steps were also undefined:

@Then(&quot;logout link is displayed&quot;)
public void logout_link_is_displayed() {
    // Write code here that turns the phrase above into concrete actions
    throw new io.cucumber.java.PendingException();
}

</error>
  </testcase>
  <testcase classname="Check home page functionality" name="Check logout link" time="0.512">
    <error message="The step &quot;logout link is displayed&quot; is undefined. You can implement it using the snippet(s) below:

@Then(&quot;logout link is displayed&quot;)
public void logout_link_is_displayed() {
    // Write code here that turns the phrase above into concrete actions
    throw new io.cucumber.java.PendingException();
}
" type="io.cucumber.junit.UndefinedStepException">io.cucumber.junit.UndefinedStepException: The step &quot;logout link is displayed&quot; is undefined. You can implement it using the snippet(s) below:

@Then(&quot;logout link is displayed&quot;)
public void logout_link_is_displayed() {
    // Write code here that turns the phrase above into concrete actions
    throw new io.cucumber.java.PendingException();
}

</error>
  </testcase>
  <testcase classname="Check home page functionality" name="Verify quick launch menu bar is present" time="0.008">
    <error type="java.lang.NullPointerException">java.lang.NullPointerException
	at StepDefinitions.LoginDemoSteps_PF.user_is_on_login_page(LoginDemoSteps_PF.java:53)
	at ✽.user is on login page(file:///D:/Research/Cucumber/workspace/CucumberJava/src/test/resources/Features/BackgroundDemo/BackgroundDemo.feature:4)
</error>
    <system-out>
Scenario: Verify quick launch menu bar is present # src/test/resources/Features/BackgroundDemo/BackgroundDemo.feature:13
Inside Step - user is on login page
  Given user is on login page                     # StepDefinitions.LoginDemoSteps_PF.user_is_on_login_page()
      java.lang.NullPointerException
	at StepDefinitions.LoginDemoSteps_PF.user_is_on_login_page(LoginDemoSteps_PF.java:53)
	at ?.user is on login page(file:///D:/Research/Cucumber/workspace/CucumberJava/src/test/resources/Features/BackgroundDemo/BackgroundDemo.feature:4)

  When user enters username and password          # StepDefinitions.LoginDemoSteps_PF.user_enters_username_and_password(java.lang.String,java.lang.String)
  And clicks on login button                      # null
  Then user is navigated to the home page         # StepDefinitions.LoginDemoSteps_PF.user_is_navigated_to_the_home_page()
  When user clicks on Dashboard link              # null
  Then quick launch toolbar is displayed          # null
</system-out>
  </testcase>
  <testcase classname="Check home page functionality" name="Verify quick launch menu bar is present" time="0.009">
    <error message="The step &quot;clicks on login button&quot; is undefined. You can implement it using the snippet(s) below:

@When(&quot;clicks on login button&quot;)
public void clicks_on_login_button() {
    // Write code here that turns the phrase above into concrete actions
    throw new io.cucumber.java.PendingException();
}


Some other steps were also undefined:

@When(&quot;user clicks on Dashboard link&quot;)
public void user_clicks_on_Dashboard_link() {
    // Write code here that turns the phrase above into concrete actions
    throw new io.cucumber.java.PendingException();
}
@Then(&quot;quick launch toolbar is displayed&quot;)
public void quick_launch_toolbar_is_displayed() {
    // Write code here that turns the phrase above into concrete actions
    throw new io.cucumber.java.PendingException();
}
" type="io.cucumber.junit.UndefinedStepException">io.cucumber.junit.UndefinedStepException: The step &quot;clicks on login button&quot; is undefined. You can implement it using the snippet(s) below:

@When(&quot;clicks on login button&quot;)
public void clicks_on_login_button() {
    // Write code here that turns the phrase above into concrete actions
    throw new io.cucumber.java.PendingException();
}


Some other steps were also undefined:

@When(&quot;user clicks on Dashboard link&quot;)
public void user_clicks_on_Dashboard_link() {
    // Write code here that turns the phrase above into concrete actions
    throw new io.cucumber.java.PendingException();
}
@Then(&quot;quick launch toolbar is displayed&quot;)
public void quick_launch_toolbar_is_displayed() {
    // Write code here that turns the phrase above into concrete actions
    throw new io.cucumber.java.PendingException();
}

</error>
  </testcase>
  <testcase classname="Check home page functionality" name="Verify quick launch menu bar is present" time="0.009">
    <error message="The step &quot;user clicks on Dashboard link&quot; is undefined. You can implement it using the snippet(s) below:

@When(&quot;user clicks on Dashboard link&quot;)
public void user_clicks_on_Dashboard_link() {
    // Write code here that turns the phrase above into concrete actions
    throw new io.cucumber.java.PendingException();
}


Some other steps were also undefined:

@Then(&quot;quick launch toolbar is displayed&quot;)
public void quick_launch_toolbar_is_displayed() {
    // Write code here that turns the phrase above into concrete actions
    throw new io.cucumber.java.PendingException();
}
" type="io.cucumber.junit.UndefinedStepException">io.cucumber.junit.UndefinedStepException: The step &quot;user clicks on Dashboard link&quot; is undefined. You can implement it using the snippet(s) below:

@When(&quot;user clicks on Dashboard link&quot;)
public void user_clicks_on_Dashboard_link() {
    // Write code here that turns the phrase above into concrete actions
    throw new io.cucumber.java.PendingException();
}


Some other steps were also undefined:

@Then(&quot;quick launch toolbar is displayed&quot;)
public void quick_launch_toolbar_is_displayed() {
    // Write code here that turns the phrase above into concrete actions
    throw new io.cucumber.java.PendingException();
}

</error>
  </testcase>
  <testcase classname="Check home page functionality" name="Verify quick launch menu bar is present" time="0.009">
    <error message="The step &quot;quick launch toolbar is displayed&quot; is undefined. You can implement it using the snippet(s) below:

@Then(&quot;quick launch toolbar is displayed&quot;)
public void quick_launch_toolbar_is_displayed() {
    // Write code here that turns the phrase above into concrete actions
    throw new io.cucumber.java.PendingException();
}
" type="io.cucumber.junit.UndefinedStepException">io.cucumber.junit.UndefinedStepException: The step &quot;quick launch toolbar is displayed&quot; is undefined. You can implement it using the snippet(s) below:

@Then(&quot;quick launch toolbar is displayed&quot;)
public void quick_launch_toolbar_is_displayed() {
    // Write code here that turns the phrase above into concrete actions
    throw new io.cucumber.java.PendingException();
}

</error>
  </testcase>
  <testcase classname="feature to test google search functionality" name="Validate google search is working" time="5.455">
    <skipped/>
    <system-out>
Scenario: Validate google search is working # src/test/resources/Features/GoogleSearch.feature:6
=== Inside LoginDemoSteps_PF ===
Inside Step - browser is open
Project path is: D:\Research\Cucumber\workspace\CucumberJava
  Given browser is open                     # StepDefinitions.LoginDemoSteps_PF.browser_is_open()
  And user is on google search page         # null
  When user enters a text in search box     # null
  And hits enter                            # null
  Then user is navigated to search results  # null
</system-out>
    <system-err>SLF4J: Failed to load class &quot;org.slf4j.impl.StaticLoggerBinder&quot;.
SLF4J: Defaulting to no-operation (NOP) logger implementation
SLF4J: See http://www.slf4j.org/codes.html#StaticLoggerBinder for further details.
Starting MSEdgeDriver 99.0.1150.55 (c8275fcfc2e02d5ca43c76374fa8200557b8712c) on port 61968
Only local connections are allowed.
Please see https://chromedriver.chromium.org/security-considerations for suggestions on keeping MSEdgeDriver safe.
MSEdgeDriver was started successfully.
Apr 02, 2022 10:36:38 PM org.openqa.selenium.remote.ProtocolHandshake createSession
INFO: Detected dialect: W3C
Apr 02, 2022 10:36:38 PM org.openqa.selenium.devtools.CdpVersionFinder findNearestMatch
WARNING: Unable to find an exact match for CDP version 99, so returning the closest version found: 95
Apr 02, 2022 10:36:38 PM org.openqa.selenium.devtools.CdpVersionFinder findNearestMatch
INFO: Found CDP implementation for version 99 of 95
</system-err>
  </testcase>
  <testcase classname="Test login functionality" name="Check login is successful with valid credentials" time="19.883"/>
  <testcase classname="Test login functionality" name="Check login is successful with valid credentials" time="17.972"/>
  <testcase classname="feature to test login functionality" name="Check login is successful with valid credentials" time="0.008">
    <error type="java.lang.NullPointerException">java.lang.NullPointerException
	at StepDefinitions.LoginDemoSteps_PF.user_is_on_login_page(LoginDemoSteps_PF.java:53)
	at ✽.user is on login page(file:///D:/Research/Cucumber/workspace/CucumberJava/src/test/resources/Features/login.feature:7)
</error>
    <system-out>
Scenario: Check login is successful with valid credentials # src/test/resources/Features/login.feature:6
Inside Step - user is on login page
  Given user is on login page                              # StepDefinitions.LoginDemoSteps_PF.user_is_on_login_page()
      java.lang.NullPointerException
	at StepDefinitions.LoginDemoSteps_PF.user_is_on_login_page(LoginDemoSteps_PF.java:53)
	at ?.user is on login page(file:///D:/Research/Cucumber/workspace/CucumberJava/src/test/resources/Features/login.feature:7)

  When user enters username and password                   # StepDefinitions.LoginDemoSteps_PF.user_enters_username_and_password(java.lang.String,java.lang.String)
  And clicks on login button                               # null
  Then user is navigated to the home page                  # StepDefinitions.LoginDemoSteps_PF.user_is_navigated_to_the_home_page()
</system-out>
  </testcase>
  <testcase classname="feature to test login functionality" name="Check login is successful with valid credentials" time="0.008">
    <error message="The step &quot;clicks on login button&quot; is undefined. You can implement it using the snippet(s) below:

@When(&quot;clicks on login button&quot;)
public void clicks_on_login_button() {
    // Write code here that turns the phrase above into concrete actions
    throw new io.cucumber.java.PendingException();
}
" type="io.cucumber.junit.UndefinedStepException">io.cucumber.junit.UndefinedStepException: The step &quot;clicks on login button&quot; is undefined. You can implement it using the snippet(s) below:

@When(&quot;clicks on login button&quot;)
public void clicks_on_login_button() {
    // Write code here that turns the phrase above into concrete actions
    throw new io.cucumber.java.PendingException();
}

</error>
  </testcase>
</testsuite>