<?xml version="1.0" encoding="UTF-8" ?>
<testsuite tests="13" failures="0" name="StepDefinitions.TestRunner" time="45.407" errors="10" skipped="1">
  <properties>
[...]
</properties>
  <testcase classname="Check home page functionality" name="Check logout link" time="0.51">
    <error type="java.lang.NullPointerException">java.lang.NullPointerException
	at StepDefinitions.LoginDemoSteps_PF.user_is_on_login_page(LoginDemoSteps_PF.java:53)
	at ✽.user is on login page(file:///D:/Research/Cucumber/workspace/CucumberJava/src/test/resources/Features/BackgroundDemo/BackgroundDemo.feature:4)
</error>
    <system-out>
Scenario: Check logout link               # src/test/resources/Features/BackgroundDemo/BackgroundDemo.feature:9
Inside Step - user is on login page
  Given user is on login page             # StepDefinitions.LoginDemoSteps_PF.user_is_on_login_page()
      java.lang.NullPointerException
	at StepDefinitions.LoginDemoSteps_PF.user_is_on_login_page(LoginDemoSteps_PF.java:53)
	at ?.user is on login page(file:///D:/Research/Cucumber/workspace/CucumberJava/src/test/resources/Features/BackgroundDemo/BackgroundDemo.feature:4)

  When user enters username and password  # StepDefinitions.LoginDemoSteps_PF.user_enters_username_and_password(java.lang.String,java.lang.String)
  And clicks on login button              # null
  Then user is navigated to the home page # StepDefinitions.LoginDemoSteps_PF.user_is_navigated_to_the_home_page()
  When user clicks on Welcome link        # null
  Then logout link is displayed           # null
</system-out>
    <system-err>Apr 02, 2022 10:36:32 PM io.cucumber.junit.Cucumber &lt;init&gt;
WARNING: By default Cucumber is running in --non-strict mode.
This default will change to --strict and --non-strict will be removed.
You can use --strict or @CucumberOptions(strict = true) to suppress this warning
</system-err>
  </testcase>
  <testcase classname="Check home page functionality" name="Check logout link" time="0.512">
    <error message="The step &quot;clicks on login button&quot; is undefined. You can implement it using the snippet(s) below:

@When(&quot;clicks on login button&quot;)
public void clicks_on_login_button() {
    // Write code here that turns the phrase above into concrete actions
    throw new io.cucumber.java.PendingException();
}


Some other steps were also undefined:

@When(&quot;user clicks on Welcome link&quot;)
public void user_clicks_on_Welcome_link() {
    // Write code here that turns the phrase above into concrete actions
    throw new io.cucumber.java.PendingException();
}
@Then(&quot;logout link is displayed&quot;)
public void logout_link_is_displayed() {
    // Write code here that turns the phrase above into concrete actions
    throw new io.cucumber.java.PendingException();
}
" type="io.cucumber.junit.UndefinedStepException">io.cucumber.junit.UndefinedStepException: The step &quot;clicks on login button&quot; is undefined. You can implement it using the snippet(s) below:

@When(&quot;clicks on login button&quot;)
public void clicks_on_login_button() {
    // Write code here that turns the phrase above into concrete actions
    throw new io.cucumber.java.PendingException();
}


Some other steps were also undefined:

@When(&quot;user clicks on Welcome link&quot;)
public void user_clicks_on_Welcome_link() {
    // Write code here that turns the phrase above into concrete actions
    throw new io.cucumber.java.PendingException();
}
@Then(&quot;logout link is displayed&quot;)
public void logout_link_is_displayed() {
    // Write code here that turns the phrase above into concrete actions
    throw new io.cucumber.java.PendingException();
}

</error>
  </testcase>
  <testcase classname="Check home page functionality" name="Check logout link" time="0.512">
    <error message="The step &quot;user clicks on Welcome link&quot; is undefined. You can implement it using the snippet(s) below:

@When(&quot;user clicks on Welcome link&quot;)
public void user_clicks_on_Welcome_link() {
    // Write code here that turns the phrase above into concrete actions
    throw new io.cucumber.java.PendingException();
}


Some other steps were also undefined:

@Then(&quot;logout link is displayed&quot;)
public void logout_link_is_displayed() {
    // Write code here that turns the phrase above into concrete actions
    throw new io.cucumber.java.PendingException();
}
" type="io.cucumber.junit.UndefinedStepException">io.cucumber.junit.UndefinedStepException: The step &quot;user clicks on Welcome link&quot; is undefined. You can implement it using the snippet(s) below:

@When(&quot;user clicks on Welcome link&quot;)
public void user_clicks_on_Welcome_link() {
    // Write code here that turns the phrase above into concrete actions
    throw new io.cucumber.java.PendingException();
}


Some other steps were also undefined:

@Then(&quot;logout link is displayed&quot;)
public void logout_link_is_displayed() {
    // Write code here that turns the phrase above into concrete actions
    throw new io.cucumber.java.PendingException();
}

</error>
  </testcase>
  <testcase classname="Check home page functionality" name="Check logout link" time="0.512">
    <error message="The step &quot;logout link is displayed&quot; is undefined. You can implement it using the snippet(s) below:

@Then(&quot;logout link is displayed&quot;)
public void logout_link_is_displayed() {
    // Write code here that turns the phrase above into concrete actions
    throw new io.cucumber.java.PendingException();
}
" type="io.cucumber.junit.UndefinedStepException">io.cucumber.junit.UndefinedStepException: The step &quot;logout link is displayed&quot; is undefined. You can implement it using the snippet(s) below:

@Then(&quot;logout link is displayed&quot;)
public void logout_link_is_displayed() {
    // Write code here that turns the phrase above into concrete actions
    throw new io.cucumber.java.PendingException();
}

</error>
  </testcase>
  <testcase classname="Check home page functionality" name="Verify quick launch menu bar is present" time="0.008">
    <error type="java.lang.NullPointerException">java.lang.NullPointerException
	at StepDefinitions.LoginDemoSteps_PF.user_is_on_login_page(LoginDemoSteps_PF.java:53)
	at ✽.user is on login page(file:///D:/Research/Cucumber/workspace/CucumberJava/src/test/resources/Features/BackgroundDemo/BackgroundDemo.feature:4)
</error>
    <system-out>
Scenario: Verify quick launch menu bar is present # src/test/resources/Features/BackgroundDemo/BackgroundDemo.feature:13
Inside Step - user is on login page
  Given user is on login page                     # StepDefinitions.LoginDemoSteps_PF.user_is_on_login_page()
      java.lang.NullPointerException
	at StepDefinitions.LoginDemoSteps_PF.user_is_on_login_page(LoginDemoSteps_PF.java:53)
	at ?.user is on login page(file:///D:/Research/Cucumber/workspace/CucumberJava/src/test/resources/Features/BackgroundDemo/BackgroundDemo.feature:4)

  When user enters username and password          # StepDefinitions.LoginDemoSteps_PF.user_enters_username_and_password(java.lang.String,java.lang.String)
  And clicks on login button                      # null
  Then user is navigated to the home page         # StepDefinitions.LoginDemoSteps_PF.user_is_navigated_to_the_home_page()
  When user clicks on Dashboard link              # null
  Then quick launch toolbar is displayed          # null
</system-out>
  </testcase>
  <testcase classname="Check home page functionality" name="Verify quick launch menu bar is present" time="0.009">
    <error message="The step &quot;clicks on login button&quot; is undefined. You can implement it using the snippet(s) below:

@When(&quot;clicks on login button&quot;)
public void clicks_on_login_button() {
    // Write code here that turns the phrase above into concrete actions
    throw new io.cucumber.java.PendingException();
}


Some other steps were also undefined:

@When(&quot;user clicks on Dashboard link&quot;)
public void user_clicks_on_Dashboard_link() {
    // Write code here that turns the phrase above into concrete actions
    throw new io.cucumber.java.PendingException();
}
@Then(&quot;quick launch toolbar is displayed&quot;)
public void quick_launch_toolbar_is_displayed() {
    // Write code here that turns the phrase above into concrete actions
    throw new io.cucumber.java.PendingException();
}
" type="io.cucumber.junit.UndefinedStepException">io.cucumber.junit.UndefinedStepException: The step &quot;clicks on login button&quot; is undefined. You can implement it using the snippet(s) below:

@When(&quot;clicks on login button&quot;)
public void clicks_on_login_button() {
    // Write code here that turns the phrase above into concrete actions
    throw new io.cucumber.java.PendingException();
}


Some other steps were also undefined:

@When(&quot;user clicks on Dashboard link&quot;)
public void user_clicks_on_Dashboard_link() {
    // Write code here that turns the phrase above into concrete actions
    throw new io.cucumber.java.PendingException();
}
@Then(&quot;quick launch toolbar is displayed&quot;)
public void quick_launch_toolbar_is_displayed() {
    // Write code here that turns the phrase above into concrete actions
    throw new io.cucumber.java.PendingException();
}

</error>
  </testcase>
  <testcase classname="Check home page functionality" name="Verify quick launch menu bar is present" time="0.009">
    <error message="The step &quot;user clicks on Dashboard link&quot; is undefined. You can implement it using the snippet(s) below:

@When(&quot;user clicks on Dashboard link&quot;)
public void user_clicks_on_Dashboard_link() {
    // Write code here that turns the phrase above into concrete actions
    throw new io.cucumber.java.PendingException();
}


Some other steps were also undefined:

@Then(&quot;quick launch toolbar is displayed&quot;)
public void quick_launch_toolbar_is_displayed() {
    // Write code here that turns the phrase above into concrete actions
    throw new io.cucumber.java.PendingException();
}
" type="io.cucumber.junit.UndefinedStepException">io.cucumber.junit.UndefinedStepException: The step &quot;user clicks on Dashboard link&quot; is undefined. You can implement it using the snippet(s) below:

@When(&quot;user clicks on Dashboard link&quot;)
public void user_clicks_on_Dashboard_link() {
    // Write code here that turns the phrase above into concrete actions
    throw new io.cucumber.java.PendingException();
}


Some other steps were also undefined:

@Then(&quot;quick launch toolbar is displayed&quot;)
public void quick_launch_toolbar_is_displayed() {
    // Write code here that turns the phrase above into concrete actions
    throw new io.cucumber.java.PendingException();
}

</error>
  </testcase>
  <testcase classname="Check home page functionality" name="Verify quick launch menu bar is present" time="0.009">
    <error message="The step &quot;quick launch toolbar is displayed&quot; is undefined. You can implement it using the snippet(s) below:

@Then(&quot;quick launch toolbar is displayed&quot;)
public void quick_launch_toolbar_is_displayed() {
    // Write code here that turns the phrase above into concrete actions
    throw new io.cucumber.java.PendingException();
}
" type="io.cucumber.junit.UndefinedStepException">io.cucumber.junit.UndefinedStepException: The step &quot;quick launch toolbar is displayed&quot; is undefined. You can implement it using the snippet(s) below:

@Then(&quot;quick launch toolbar is displayed&quot;)
public void quick_launch_toolbar_is_displayed() {
    // Write code here that turns the phrase above into concrete actions
    throw new io.cucumber.java.PendingException();
}

</error>
  </testcase>
  <testcase classname="feature to test google search functionality" name="Validate google search is working" time="5.455">
    <skipped/>
    <system-out>
Scenario: Validate google search is working # src/test/resources/Features/GoogleSearch.feature:6
=== Inside LoginDemoSteps_PF ===
Inside Step - browser is open
Project path is: D:\Research\Cucumber\workspace\CucumberJava
  Given browser is open                     # StepDefinitions.LoginDemoSteps_PF.browser_is_open()
  And user is on google search page         # null
  When user enters a text in search box     # null
  And hits enter                            # null
  Then user is navigated to search results  # null
</system-out>
    <system-err>SLF4J: Failed to load class &quot;org.slf4j.impl.StaticLoggerBinder&quot;.
SLF4J: Defaulting to no-operation (NOP) logger implementation
SLF4J: See http://www.slf4j.org/codes.html#StaticLoggerBinder for further details.
Starting MSEdgeDriver 99.0.1150.55 (c8275fcfc2e02d5ca43c76374fa8200557b8712c) on port 61968
Only local connections are allowed.
Please see https://chromedriver.chromium.org/security-considerations for suggestions on keeping MSEdgeDriver safe.
MSEdgeDriver was started successfully.
Apr 02, 2022 10:36:38 PM org.openqa.selenium.remote.ProtocolHandshake createSession
INFO: Detected dialect: W3C
Apr 02, 2022 10:36:38 PM org.openqa.selenium.devtools.CdpVersionFinder findNearestMatch
WARNING: Unable to find an exact match for CDP version 99, so returning the closest version found: 95
Apr 02, 2022 10:36:38 PM org.openqa.selenium.devtools.CdpVersionFinder findNearestMatch
INFO: Found CDP implementation for version 99 of 95
</system-err>
  </testcase>
  <testcase classname="Test login functionality" name="Check login is successful with valid credentials" time="19.883"/>
  <testcase classname="Test login functionality" name="Check login is successful with valid credentials" time="17.972"/>
  <testcase classname="feature to test login functionality" name="Check login is successful with valid credentials" time="0.008">
    <error type="java.lang.NullPointerException">java.lang.NullPointerException
	at StepDefinitions.LoginDemoSteps_PF.user_is_on_login_page(LoginDemoSteps_PF.java:53)
	at ✽.user is on login page(file:///D:/Research/Cucumber/workspace/CucumberJava/src/test/resources/Features/login.feature:7)
</error>
    <system-out>
Scenario: Check login is successful with valid credentials # src/test/resources/Features/login.feature:6
Inside Step - user is on login page
  Given user is on login page                              # StepDefinitions.LoginDemoSteps_PF.user_is_on_login_page()
      java.lang.NullPointerException
	at StepDefinitions.LoginDemoSteps_PF.user_is_on_login_page(LoginDemoSteps_PF.java:53)
	at ?.user is on login page(file:///D:/Research/Cucumber/workspace/CucumberJava/src/test/resources/Features/login.feature:7)

  When user enters username and password                   # StepDefinitions.LoginDemoSteps_PF.user_enters_username_and_password(java.lang.String,java.lang.String)
  And clicks on login button                               # null
  Then user is navigated to the home page                  # StepDefinitions.LoginDemoSteps_PF.user_is_navigated_to_the_home_page()
</system-out>
  </testcase>
  <testcase classname="feature to test login functionality" name="Check login is successful with valid credentials" time="0.008">
    <error message="The step &quot;clicks on login button&quot; is undefined. You can implement it using the snippet(s) below:

@When(&quot;clicks on login button&quot;)
public void clicks_on_login_button() {
    // Write code here that turns the phrase above into concrete actions
    throw new io.cucumber.java.PendingException();
}
" type="io.cucumber.junit.UndefinedStepException">io.cucumber.junit.UndefinedStepException: The step &quot;clicks on login button&quot; is undefined. You can implement it using the snippet(s) below:

@When(&quot;clicks on login button&quot;)
public void clicks_on_login_button() {
    // Write code here that turns the phrase above into concrete actions
    throw new io.cucumber.java.PendingException();
}

</error>
  </testcase>
</testsuite>